Using pre-set license
Built from '2020.3/staging' branch; Version is '2020.3.16f1 (049d6eca3c44) revision 302446'; Using compiler version '192528614'; Build Type 'Release'
OS: 'Windows 10 Home; OS build 19042.1165; Version 2009; 64bit' Language: 'en' Physical Memory: 32678 MB
BatchMode: 1, IsHumanControllingUs: 0, StartBugReporterOnCrash: 0, Is64bit: 1, IsPro: 0

 COMMAND LINE ARGUMENTS:
E:\Unity editors\2020.3.16f1\Editor\Unity.exe
-adb2
-batchMode
-noUpm
-name
AssetImportWorker0
-projectPath
E:/Godot & Game Dev/Unity Projs/hardcore punk jam project
-logFile
Logs/AssetImportWorker0.log
-srvPort
60903
Successfully changed project path to: E:/Godot & Game Dev/Unity Projs/hardcore punk jam project
E:/Godot & Game Dev/Unity Projs/hardcore punk jam project
Using Asset Import Pipeline V2.
Refreshing native plugins compatible for Editor in 25.37 ms, found 2 plugins.
Preloading 0 native plugins for Editor in 0.00 ms.
Initialize engine version: 2020.3.16f1 (049d6eca3c44)
[Subsystems] Discovering subsystems at path E:/Unity editors/2020.3.16f1/Editor/Data/Resources/UnitySubsystems
[Subsystems] Discovering subsystems at path E:/Godot & Game Dev/Unity Projs/hardcore punk jam project/Assets
GfxDevice: creating device client; threaded=0
Direct3D:
    Version:  Direct3D 11.0 [level 11.1]
    Renderer: NVIDIA GeForce RTX 2060 (ID=0x1e89)
    Vendor:   
    VRAM:     5968 MB
    Driver:   27.21.14.6140
Initialize mono
Mono path[0] = 'E:/Unity editors/2020.3.16f1/Editor/Data/Managed'
Mono path[1] = 'E:/Unity editors/2020.3.16f1/Editor/Data/MonoBleedingEdge/lib/mono/unityjit'
Mono config path = 'E:/Unity editors/2020.3.16f1/Editor/Data/MonoBleedingEdge/etc'
Using monoOptions --debugger-agent=transport=dt_socket,embedding=1,server=y,suspend=n,address=127.0.0.1:56280
Begin MonoManager ReloadAssembly
Registering precompiled unity dll's ...
Register platform support module: E:/Unity editors/2020.3.16f1/Editor/Data/PlaybackEngines/WebGLSupport/UnityEditor.WebGL.Extensions.dll
Register platform support module: E:/Unity editors/2020.3.16f1/Editor/Data/PlaybackEngines/WindowsStandaloneSupport/UnityEditor.WindowsStandalone.Extensions.dll
Registered in 0.001290 seconds.
Native extension for WindowsStandalone target not found
Native extension for WebGL target not found
Refreshing native plugins compatible for Editor in 24.94 ms, found 2 plugins.
Preloading 0 native plugins for Editor in 0.00 ms.
Mono: successfully reloaded assembly
- Completed reload, in  1.072 seconds
Domain Reload Profiling:
	ReloadAssembly (1073ms)
		BeginReloadAssembly (54ms)
			ExecutionOrderSort (0ms)
			DisableScriptedObjects (0ms)
			BackupInstance (0ms)
			ReleaseScriptingObjects (0ms)
			CreateAndSetChildDomain (1ms)
		EndReloadAssembly (333ms)
			LoadAssemblies (53ms)
			RebuildTransferFunctionScriptingTraits (0ms)
			SetupTypeCache (122ms)
			ReleaseScriptCaches (0ms)
			RebuildScriptCaches (26ms)
			SetupLoadedEditorAssemblies (128ms)
				LogAssemblyErrors (0ms)
				InitializePlatformSupportModulesInManaged (4ms)
				SetLoadedEditorAssemblies (0ms)
				RefreshPlugins (25ms)
				BeforeProcessingInitializeOnLoad (13ms)
				ProcessInitializeOnLoadAttributes (63ms)
				ProcessInitializeOnLoadMethodAttributes (22ms)
				AfterProcessingInitializeOnLoad (0ms)
				EditorAssembliesLoaded (0ms)
			ExecutionOrderSort2 (0ms)
			AwakeInstancesAfterBackupRestoration (0ms)
Platform modules already initialized, skipping
Registering precompiled user dll's ...
Registered in 0.002794 seconds.
Begin MonoManager ReloadAssembly
Native extension for WindowsStandalone target not found
Native extension for WebGL target not found
Refreshing native plugins compatible for Editor in 0.39 ms, found 2 plugins.
Preloading 0 native plugins for Editor in 0.00 ms.
Mono: successfully reloaded assembly
- Completed reload, in  0.893 seconds
Domain Reload Profiling:
	ReloadAssembly (893ms)
		BeginReloadAssembly (133ms)
			ExecutionOrderSort (0ms)
			DisableScriptedObjects (4ms)
			BackupInstance (0ms)
			ReleaseScriptingObjects (0ms)
			CreateAndSetChildDomain (18ms)
		EndReloadAssembly (710ms)
			LoadAssemblies (81ms)
			RebuildTransferFunctionScriptingTraits (0ms)
			SetupTypeCache (221ms)
			ReleaseScriptCaches (0ms)
			RebuildScriptCaches (35ms)
			SetupLoadedEditorAssemblies (310ms)
				LogAssemblyErrors (0ms)
				InitializePlatformSupportModulesInManaged (4ms)
				SetLoadedEditorAssemblies (0ms)
				RefreshPlugins (0ms)
				BeforeProcessingInitializeOnLoad (61ms)
				ProcessInitializeOnLoadAttributes (239ms)
				ProcessInitializeOnLoadMethodAttributes (3ms)
				AfterProcessingInitializeOnLoad (2ms)
				EditorAssembliesLoaded (0ms)
			ExecutionOrderSort2 (0ms)
			AwakeInstancesAfterBackupRestoration (5ms)
Platform modules already initialized, skipping
========================================================================
Worker process is ready to serve import requests
Launched and connected shader compiler UnityShaderCompiler.exe after 0.05 seconds
Refreshing native plugins compatible for Editor in 0.36 ms, found 2 plugins.
Preloading 0 native plugins for Editor in 0.00 ms.
Unloading 1397 Unused Serialized files (Serialized files now loaded: 0)
System memory in use before: 64.8 MB.
System memory in use after: 64.9 MB.

Unloading 18 unused Assets to reduce memory usage. Loaded Objects now: 1830.
Total: 2.823900 ms (FindLiveObjects: 0.185700 ms CreateObjectMapping: 0.032900 ms MarkObjects: 2.543200 ms  DeleteObjects: 0.061200 ms)

AssetImportParameters requested are different than current active one (requested -> active):
  custom:framework-win-MediaFoundation: 216162199b28c13a410421893ffa2e32 -> 
  custom:video-decoder-ogg-theora: a1e56fd34408186e4bbccfd4996cb3dc -> 
  custom:container-muxer-webm: aa71ff27fc2769a1b78a27578f13a17b -> 
  custom:container-demuxer-webm: 4f35f7cbe854078d1ac9338744f61a02 -> 
  custom:container-demuxer-ogg: 62fdf1f143b41e24485cea50d1cbac27 -> 
  custom:video-encoder-webm-vp8: eb34c28f22e8b96e1ab97ce403110664 -> 
  custom:video-decoder-webm-vp8: 9c59270c3fd7afecdb556c50c9e8de78 -> 
  custom:audio-decoder-ogg-vorbis: bf7c407c2cedff20999df2af8eb42d56 -> 
  custom:audio-encoder-webm-vorbis: bf7c407c2cedff20999df2af8eb42d56 -> 
========================================================================
Received Import Request.
  path: Assets
  artifactKey: Guid(00000000000000001000000000000000) Importer(815301076,1909f56bfc062723c751e8b465ee728b)
Start importing Assets using Guid(00000000000000001000000000000000) Importer(815301076,1909f56bfc062723c751e8b465ee728b)  -> (artifact id: '42d402b061de3733987d63b9cc3b64de') in 0.007407 seconds 
  Import took 0.009537 seconds .

========================================================================
Received Import Request.
  Time since last request: 0.000188 seconds.
  path: Assets/Scenes
  artifactKey: Guid(127d6f6071704b2489195fbb7f01b48a) Importer(815301076,1909f56bfc062723c751e8b465ee728b)
Start importing Assets/Scenes using Guid(127d6f6071704b2489195fbb7f01b48a) Importer(815301076,1909f56bfc062723c751e8b465ee728b)  -> (artifact id: '3eb1fc54664b483c7038bdc1986cdbab') in 0.010611 seconds 
  Import took 0.012575 seconds .

========================================================================
Received Import Request.
  Time since last request: 21.192836 seconds.
  path: Assets/Scripts
  artifactKey: Guid(1403bd4f4e537044fbfaac14f702ffe8) Importer(815301076,1909f56bfc062723c751e8b465ee728b)
Start importing Assets/Scripts using Guid(1403bd4f4e537044fbfaac14f702ffe8) Importer(815301076,1909f56bfc062723c751e8b465ee728b)  -> (artifact id: '0e232216bdac1b8e59c4cf3061136300') in 0.006749 seconds 
  Import took 0.009382 seconds .

========================================================================
Received Import Request.
  Time since last request: 8.589861 seconds.
  path: Assets/Prefabs
  artifactKey: Guid(030ed407ed4506a4095eb52c95dc2233) Importer(815301076,1909f56bfc062723c751e8b465ee728b)
Start importing Assets/Prefabs using Guid(030ed407ed4506a4095eb52c95dc2233) Importer(815301076,1909f56bfc062723c751e8b465ee728b)  -> (artifact id: 'c1b6511e66f43828857dff4140cd59dd') in 0.006238 seconds 
  Import took 0.008700 seconds .

========================================================================
Received Import Request.
  Time since last request: 0.000294 seconds.
  path: Assets/Prefabs
  artifactKey: Guid(030ed407ed4506a4095eb52c95dc2233) Importer(815301076,1909f56bfc062723c751e8b465ee728b)
Start importing Assets/Prefabs using Guid(030ed407ed4506a4095eb52c95dc2233) Importer(815301076,1909f56bfc062723c751e8b465ee728b)  -> (artifact id: 'c1b6511e66f43828857dff4140cd59dd') in 0.001572 seconds 
  Import took 0.003583 seconds .

========================================================================
Received Import Request.
  Time since last request: 7.656528 seconds.
  path: Assets/Sounds
  artifactKey: Guid(3118f7b42f3a6af4fbe420c2a81d5fd0) Importer(815301076,1909f56bfc062723c751e8b465ee728b)
Start importing Assets/Sounds using Guid(3118f7b42f3a6af4fbe420c2a81d5fd0) Importer(815301076,1909f56bfc062723c751e8b465ee728b)  -> (artifact id: '15dfc89518c5d6355f698b902f4d58fc') in 0.005114 seconds 
  Import took 0.007466 seconds .

========================================================================
Received Import Request.
  Time since last request: 0.006960 seconds.
  path: Assets/Sounds
  artifactKey: Guid(3118f7b42f3a6af4fbe420c2a81d5fd0) Importer(815301076,1909f56bfc062723c751e8b465ee728b)
Start importing Assets/Sounds using Guid(3118f7b42f3a6af4fbe420c2a81d5fd0) Importer(815301076,1909f56bfc062723c751e8b465ee728b)  -> (artifact id: '15dfc89518c5d6355f698b902f4d58fc') in 0.001718 seconds 
  Import took 0.003757 seconds .

========================================================================
Received Import Request.
  Time since last request: 78.711942 seconds.
  path: Assets/New Folder
  artifactKey: Guid(1118af6f2c937a444b1f627a37e7d5f9) Importer(815301076,1909f56bfc062723c751e8b465ee728b)
Start importing Assets/New Folder using Guid(1118af6f2c937a444b1f627a37e7d5f9) Importer(815301076,1909f56bfc062723c751e8b465ee728b)  -> (artifact id: '1c979dcf2e2bb946dbe1bea59537fa6b') in 0.005750 seconds 
  Import took 0.008431 seconds .

========================================================================
Received Import Request.
  Time since last request: 7.973003 seconds.
  path: Assets/Music and Sounds
  artifactKey: Guid(3118f7b42f3a6af4fbe420c2a81d5fd0) Importer(815301076,1909f56bfc062723c751e8b465ee728b)
Start importing Assets/Music and Sounds using Guid(3118f7b42f3a6af4fbe420c2a81d5fd0) Importer(815301076,1909f56bfc062723c751e8b465ee728b)  -> (artifact id: 'd4b8ecc43c5fe824ecaf30b7fbeb08ec') in 0.005210 seconds 
  Import took 0.007565 seconds .

========================================================================
Received Import Request.
  Time since last request: 9.664217 seconds.
  path: Assets/Art
  artifactKey: Guid(1118af6f2c937a444b1f627a37e7d5f9) Importer(815301076,1909f56bfc062723c751e8b465ee728b)
Start importing Assets/Art using Guid(1118af6f2c937a444b1f627a37e7d5f9) Importer(815301076,1909f56bfc062723c751e8b465ee728b)  -> (artifact id: '49c7b399b82b27bc377dfa5a180b6f5c') in 0.005399 seconds 
  Import took 0.007934 seconds .

AssetImportWorkerClient::OnTransportError - code=2 error=End of file
